# JRE version: OpenJDK Runtime Environment (11.0.15) (build 11.0.15+0-b2043.56-9505619)
# Java VM: OpenJDK 64-Bit Server VM (11.0.15+0-b2043.56-9505619, mixed mode, tiered, compressed oops, g1 gc, windows-amd64)
Heap:
 garbage-first heap   total 196608K, used 114032K [0x0000000080000000, 0x0000000100000000)
  region size 1024K, 35 young (35840K), 8 survivors (8192K)
 Metaspace       used 88769K, capacity 91306K, committed 91600K, reserved 1128448K
  class space    used 11609K, capacity 12571K, committed 12620K, reserved 1048576K
GC Heap History (20 events):
Event: 24.528 GC heap before
{Heap before GC invocations=8 (full 0):
 garbage-first heap   total 196608K, used 122328K [0x0000000080000000, 0x0000000100000000)
  region size 1024K, 102 young (104448K), 11 survivors (11264K)
 Metaspace       used 49577K, capacity 50890K, committed 51024K, reserved 1093632K
  class space    used 6280K, capacity 6785K, committed 6860K, reserved 1048576K
}
Event: 24.600 GC heap after
{Heap after GC invocations=9 (full 0):
 garbage-first heap   total 196608K, used 33669K [0x0000000080000000, 0x0000000100000000)
  region size 1024K, 11 young (11264K), 11 survivors (11264K)
 Metaspace       used 49577K, capacity 50890K, committed 51024K, reserved 1093632K
  class space    used 6280K, capacity 6785K, committed 6860K, reserved 1048576K
}
Event: 33.155 GC heap before
{Heap before GC invocations=9 (full 0):
 garbage-first heap   total 196608K, used 138117K [0x0000000080000000, 0x0000000100000000)
  region size 1024K, 104 young (106496K), 11 survivors (11264K)
 Metaspace       used 58529K, capacity 60097K, committed 60240K, reserved 1101824K
  class space    used 7384K, capacity 8027K, committed 8140K, reserved 1048576K
}
Event: 33.178 GC heap after
{Heap after GC invocations=10 (full 0):
 garbage-first heap   total 196608K, used 50915K [0x0000000080000000, 0x0000000100000000)
  region size 1024K, 13 young (13312K), 13 survivors (13312K)
 Metaspace       used 58529K, capacity 60097K, committed 60240K, reserved 1101824K
  class space    used 7384K, capacity 8027K, committed 8140K, reserved 1048576K
}
Event: 33.255 GC heap before
{Heap before GC invocations=10 (full 0):
 garbage-first heap   total 196608K, used 52963K [0x0000000080000000, 0x0000000100000000)
  region size 1024K, 16 young (16384K), 13 survivors (13312K)
 Metaspace       used 58807K, capacity 60438K, committed 60496K, reserved 1101824K
  class space    used 7420K, capacity 8097K, committed 8140K, reserved 1048576K
}
Event: 33.276 GC heap after
{Heap after GC invocations=11 (full 0):
 garbage-first heap   total 196608K, used 53521K [0x0000000080000000, 0x0000000100000000)
  region size 1024K, 2 young (2048K), 2 survivors (2048K)
 Metaspace       used 58807K, capacity 60438K, committed 60496K, reserved 1101824K
  class space    used 7420K, capacity 8097K, committed 8140K, reserved 1048576K
}
Event: 35.410 GC heap before
{Heap before GC invocations=12 (full 0):
 garbage-first heap   total 196608K, used 119057K [0x0000000080000000, 0x0000000100000000)
  region size 1024K, 59 young (60416K), 2 survivors (2048K)
 Metaspace       used 63499K, capacity 65195K, committed 65488K, reserved 1105920K
  class space    used 7993K, capacity 8665K, committed 8780K, reserved 1048576K
}
Event: 35.424 GC heap after
{Heap after GC invocations=13 (full 0):
 garbage-first heap   total 196608K, used 57417K [0x0000000080000000, 0x0000000100000000)
  region size 1024K, 6 young (6144K), 6 survivors (6144K)
 Metaspace       used 63499K, capacity 65195K, committed 65488K, reserved 1105920K
  class space    used 7993K, capacity 8665K, committed 8780K, reserved 1048576K
}
Event: 37.224 GC heap before
{Heap before GC invocations=13 (full 0):
 garbage-first heap   total 196608K, used 118857K [0x0000000080000000, 0x0000000100000000)
  region size 1024K, 66 young (67584K), 6 survivors (6144K)
 Metaspace       used 68234K, capacity 69929K, committed 70224K, reserved 1110016K
  class space    used 8610K, capacity 9294K, committed 9420K, reserved 1048576K
}
Event: 37.238 GC heap after
{Heap after GC invocations=14 (full 0):
 garbage-first heap   total 196608K, used 60615K [0x0000000080000000, 0x0000000100000000)
  region size 1024K, 4 young (4096K), 4 survivors (4096K)
 Metaspace       used 68234K, capacity 69929K, committed 70224K, reserved 1110016K
  class space    used 8610K, capacity 9294K, committed 9420K, reserved 1048576K
}
Event: 38.587 GC heap before
{Heap before GC invocations=14 (full 0):
 garbage-first heap   total 196608K, used 126151K [0x0000000080000000, 0x0000000100000000)
  region size 1024K, 68 young (69632K), 4 survivors (4096K)
 Metaspace       used 70201K, capacity 71937K, committed 72272K, reserved 1112064K
  class space    used 8864K, capacity 9558K, committed 9676K, reserved 1048576K
}
Event: 38.599 GC heap after
{Heap after GC invocations=15 (full 0):
 garbage-first heap   total 196608K, used 64464K [0x0000000080000000, 0x0000000100000000)
  region size 1024K, 7 young (7168K), 7 survivors (7168K)
 Metaspace       used 70201K, capacity 71937K, committed 72272K, reserved 1112064K
  class space    used 8864K, capacity 9558K, committed 9676K, reserved 1048576K
}
Event: 41.685 GC heap before
{Heap before GC invocations=15 (full 0):
 garbage-first heap   total 196608K, used 132048K [0x0000000080000000, 0x0000000100000000)
  region size 1024K, 73 young (74752K), 7 survivors (7168K)
 Metaspace       used 76982K, capacity 78863K, committed 79056K, reserved 1118208K
  class space    used 9971K, capacity 10699K, committed 10828K, reserved 1048576K
}
Event: 41.702 GC heap after
{Heap after GC invocations=16 (full 0):
 garbage-first heap   total 196608K, used 68411K [0x0000000080000000, 0x0000000100000000)
  region size 1024K, 8 young (8192K), 8 survivors (8192K)
 Metaspace       used 76982K, capacity 78863K, committed 79056K, reserved 1118208K
  class space    used 9971K, capacity 10699K, committed 10828K, reserved 1048576K
}
Event: 43.491 GC heap before
{Heap before GC invocations=16 (full 0):
 garbage-first heap   total 196608K, used 137019K [0x0000000080000000, 0x0000000100000000)
  region size 1024K, 75 young (76800K), 8 survivors (8192K)
 Metaspace       used 83315K, capacity 85289K, committed 85584K, reserved 1124352K
  class space    used 10847K, capacity 11619K, committed 11724K, reserved 1048576K
}
Event: 43.510 GC heap after
{Heap after GC invocations=17 (full 0):
 garbage-first heap   total 196608K, used 72351K [0x0000000080000000, 0x0000000100000000)
  region size 1024K, 8 young (8192K), 8 survivors (8192K)
 Metaspace       used 83315K, capacity 85289K, committed 85584K, reserved 1124352K
  class space    used 10847K, capacity 11619K, committed 11724K, reserved 1048576K
}
Event: 44.720 GC heap before
{Heap before GC invocations=17 (full 0):
 garbage-first heap   total 196608K, used 141983K [0x0000000080000000, 0x0000000100000000)
  region size 1024K, 76 young (77824K), 8 survivors (8192K)
 Metaspace       used 86303K, capacity 88420K, committed 88528K, reserved 1126400K
  class space    used 11203K, capacity 12029K, committed 12108K, reserved 1048576K
}
Event: 44.743 GC heap after
{Heap after GC invocations=18 (full 0):
 garbage-first heap   total 196608K, used 78718K [0x0000000080000000, 0x0000000100000000)
  region size 1024K, 10 young (10240K), 10 survivors (10240K)
 Metaspace       used 86303K, capacity 88420K, committed 88528K, reserved 1126400K
  class space    used 11203K, capacity 12029K, committed 12108K, reserved 1048576K
}
Event: 45.656 GC heap before
{Heap before GC invocations=18 (full 0):
 garbage-first heap   total 196608K, used 147326K [0x0000000080000000, 0x0000000100000000)
  region size 1024K, 77 young (78848K), 10 survivors (10240K)
 Metaspace       used 87581K, capacity 89908K, committed 90192K, reserved 1126400K
  class space    used 11461K, capacity 12368K, committed 12492K, reserved 1048576K
}
Event: 45.700 GC heap after
{Heap after GC invocations=19 (full 0):
 garbage-first heap   total 196608K, used 87408K [0x0000000080000000, 0x0000000100000000)
  region size 1024K, 8 young (8192K), 8 survivors (8192K)
 Metaspace       used 87581K, capacity 89908K, committed 90192K, reserved 1126400K
  class space    used 11461K, capacity 12368K, committed 12492K, reserved 1048576K
}

